2025-03-17 12:21:52,163 - INFO - Attendance logged: 072 - Srijita Ghosh Hajra at 12:21:52 PM
2025-03-17 12:33:30,861 - INFO - Attendance logged: 072 - Srijita Ghosh Hajra at 12:33:30 PM
2025-03-17 12:34:29,062 - INFO - Attendance logged: 072 - Srijita Ghosh Hajra at 12:34:29 PM
2025-03-17 12:35:07,067 - INFO - Attendance logged: 072 - Srijita Ghosh Hajra at 12:35:07 PM
2025-03-17 12:36:25,976 - INFO - Attendance logged: 072 - Srijita Ghosh Hajra at 12:36:25 PM
2025-03-17 12:41:16,791 - INFO - Attendance logged: 072 - Srijita Ghosh Hajra at 12:41:16 PM
2025-03-17 12:45:29,546 - INFO - Attendance logged: 072 - Srijita Ghosh Hajra at 12:45:29 PM
2025-03-17 13:25:09,891 - ERROR - Error in face recognition: name 'time_str' is not defined
2025-03-17 13:25:10,803 - ERROR - Error in face recognition: name 'time_str' is not defined
2025-03-17 13:25:11,637 - ERROR - Error in face recognition: name 'time_str' is not defined
2025-03-17 13:25:12,469 - ERROR - Error in face recognition: name 'time_str' is not defined
2025-03-17 13:25:13,315 - ERROR - Error in face recognition: name 'time_str' is not defined
2025-03-17 13:25:14,149 - ERROR - Error in face recognition: name 'time_str' is not defined
2025-03-17 13:25:14,984 - ERROR - Error in face recognition: name 'time_str' is not defined
2025-03-17 13:25:15,827 - ERROR - Error in face recognition: name 'time_str' is not defined
2025-03-17 13:25:16,658 - ERROR - Error in face recognition: name 'time_str' is not defined
2025-03-17 13:25:17,490 - ERROR - Error in face recognition: name 'time_str' is not defined
2025-03-17 13:25:18,322 - ERROR - Error in face recognition: name 'time_str' is not defined
2025-03-17 13:25:19,205 - ERROR - Error in face recognition: name 'time_str' is not defined
2025-03-17 13:25:20,037 - ERROR - Error in face recognition: name 'time_str' is not defined
2025-03-17 13:25:20,881 - ERROR - Error in face recognition: name 'time_str' is not defined
2025-03-17 13:25:21,709 - ERROR - Error in face recognition: name 'time_str' is not defined
2025-03-17 13:25:22,545 - ERROR - Error in face recognition: name 'time_str' is not defined
2025-03-17 13:25:23,392 - ERROR - Error in face recognition: name 'time_str' is not defined
2025-03-17 13:25:24,263 - ERROR - Error in face recognition: name 'time_str' is not defined
2025-03-17 13:25:25,128 - ERROR - Error in face recognition: name 'time_str' is not defined
2025-03-17 13:25:25,977 - ERROR - Error in face recognition: name 'time_str' is not defined
2025-03-17 13:25:26,810 - ERROR - Error in face recognition: name 'time_str' is not defined
2025-03-17 13:25:28,041 - ERROR - Error in face recognition: name 'time_str' is not defined
2025-03-17 13:25:29,634 - ERROR - Error in face recognition: name 'time_str' is not defined
2025-03-17 13:25:30,612 - ERROR - Error in face recognition: name 'time_str' is not defined
2025-03-17 13:25:31,445 - ERROR - Error in face recognition: name 'time_str' is not defined
2025-03-17 13:25:32,325 - ERROR - Error in face recognition: name 'time_str' is not defined
2025-03-17 13:25:33,161 - ERROR - Error in face recognition: name 'time_str' is not defined
2025-03-17 13:25:34,222 - ERROR - Error in face recognition: name 'time_str' is not defined
2025-03-17 13:25:35,053 - ERROR - Error in face recognition: name 'time_str' is not defined
2025-03-17 13:25:35,898 - ERROR - Error in face recognition: name 'time_str' is not defined
2025-03-17 13:25:36,768 - ERROR - Error in face recognition: name 'time_str' is not defined
2025-03-17 13:25:37,918 - ERROR - Error in face recognition: name 'time_str' is not defined
2025-03-17 14:15:35,655 - INFO - Attendance logged: 063 - Sreema Ghosh at 02:15 PM
2025-03-17 14:15:53,252 - INFO - Attendance logged: 012 - Partha Roy at 02:15 PM
2025-03-17 14:16:18,201 - INFO - Attendance logged: 053 - Ankita Paul at 02:16 PM
2025-03-17 16:02:00,875 - INFO - Attendance logged: 068 - Ayush Mitra at 04:02 PM
2025-03-17 16:23:49,192 - INFO - Attendance logged: 076 - Nisha Samanta at 04:23 PM
2025-03-17 16:28:10,792 - INFO - Attendance logged: 020 - Gargi Sinha Roy at 04:28 PM
2025-03-17 17:44:46,709 - INFO - Attendance logged: 028 - Rajinder Kaur at 05:44 PM
2025-03-17 17:44:59,355 - INFO - Attendance logged: 020 - Gargi Sinha Roy at 05:44 PM
2025-03-17 17:45:20,219 - INFO - Attendance logged: 057 - Gourab Biswas at 05:45 PM
2025-03-17 17:45:36,030 - INFO - Attendance logged: 071 - Dibakar Khamrui at 05:45 PM
2025-03-17 17:46:38,050 - INFO - Attendance logged: 062 - Apurba Bhowmik at 05:46 PM
2025-03-18 10:11:09,763 - INFO - Attendance logged: 068 - Ayush Mitra at 10:11 AM
2025-03-18 10:11:16,171 - INFO - Attendance logged: 072 - Srijita Ghosh Hajra at 10:11 AM
2025-03-18 10:30:47,720 - INFO - Attendance logged: 042 - Jayita Samata at 10:30 AM (Face Time: 10:30)
2025-03-18 10:30:47,723 - ERROR - Error logging attendance: 'Face Time'
2025-03-18 11:40:58,800 - INFO - Attendance logged: 072 - Srijita Ghosh Hajra at 11:40 AM (Face Time: 11:40:58)
2025-03-18 11:43:30,325 - INFO - Attendance logged: 072 - Srijita Ghosh Hajra at 11:43 AM
2025-03-18 11:47:49,919 - INFO - Attendance logged: 072 - Srijita Ghosh Hajra at 11:47 AM
2025-03-18 12:03:57,256 - INFO - Attendance logged: 039 - Adrija Biswas at 12:03 PM
2025-03-18 12:04:11,940 - INFO - Attendance logged: 076 - Nisha Samanta at 12:04 PM
2025-03-18 12:11:45,613 - INFO - Attendance logged: 072 - Srijita Ghosh Hajra at 12:11 PM
2025-03-18 12:14:02,855 - INFO - Attendance logged: 072 - Srijita Ghosh Hajra at 12:14 PM
2025-03-18 12:16:02,051 - INFO - Attendance logged: 072 - Srijita Ghosh Hajra at 12:16 PM
2025-03-18 12:19:35,890 - INFO - Attendance logged: 072 - Srijita Ghosh Hajra at 12:19 PM
2025-03-18 13:27:13,862 - INFO - Attendance logged: 061 - Subhajit Chakraborty at 01:27 PM
2025-04-08 17:45:24,762 - INFO - Attendance logged: 072 - Srijita Ghosh Hajra at 05:45 PM
